\BOOKMARK [1][-]{section.1}{Abstract}{}% 1
\BOOKMARK [1][-]{section.2}{Introduktion}{}% 2
\BOOKMARK [2][-]{subsection.2.1}{Systemets sammanhang}{section.2}% 3
\BOOKMARK [2][-]{subsection.2.2}{Anv\344ndargrupp}{section.2}% 4
\BOOKMARK [2][-]{subsection.2.3}{Analysavgr\344nsning}{section.2}% 5
\BOOKMARK [1][-]{section.3}{Metod}{}% 6
\BOOKMARK [2][-]{subsection.3.1}{Anv\344ndare}{section.3}% 7
\BOOKMARK [2][-]{subsection.3.2}{Unders\366kningsmilj\366}{section.3}% 8
\BOOKMARK [1][-]{section.4}{Resultat}{}% 9
\BOOKMARK [2][-]{subsection.4.1}{Anv\344ndarsyfte}{section.4}% 10
\BOOKMARK [2][-]{subsection.4.2}{Anv\344ndarkontext}{section.4}% 11
\BOOKMARK [1][-]{section.5}{Diskussion}{}% 12
\BOOKMARK [2][-]{subsection.5.1}{Funktionsm\344ssiga problem}{section.5}% 13
\BOOKMARK [2][-]{subsection.5.2}{Utseendem\344ssigt}{section.5}% 14
\BOOKMARK [2][-]{subsection.5.3}{Mindre anv\344ndbarhets problem}{section.5}% 15
\BOOKMARK [2][-]{subsection.5.4}{Stora anv\344ndbarhets problem}{section.5}% 16
\BOOKMARK [2][-]{subsection.5.5}{Positiv \345terkoppling}{section.5}% 17
\BOOKMARK [1][-]{section.6}{Designimplikationer}{}% 18
\BOOKMARK [1][-]{section.7}{Designteorier}{}% 19
\BOOKMARK [2][-]{subsection.7.1}{Mentala representationer}{section.7}% 20
\BOOKMARK [2][-]{subsection.7.2}{Perception}{section.7}% 21
\BOOKMARK [2][-]{subsection.7.3}{M\366nsterigenk\344nning}{section.7}% 22
\BOOKMARK [2][-]{subsection.7.4}{Kunskap och k\344nnedom}{section.7}% 23
\BOOKMARK [2][-]{subsection.7.5}{Affordans och gestaltningslagar}{section.7}% 24
\BOOKMARK [1][-]{section.8}{V\345r nya design}{}% 25
\BOOKMARK [1][-]{section.9}{Alternativa design}{}% 26
\BOOKMARK [1][-]{section.10}{Appendix}{}% 27
\BOOKMARK [1][-]{section.11}{K\344llor}{}% 28
