\BOOKMARK [1][-]{section.1}{Introduktion}{}% 1
\BOOKMARK [2][-]{subsection.1.1}{Systemets sammanhang}{section.1}% 2
\BOOKMARK [2][-]{subsection.1.2}{Anv\344ndargrupp}{section.1}% 3
\BOOKMARK [2][-]{subsection.1.3}{Analysavgr\344nsning}{section.1}% 4
\BOOKMARK [1][-]{section.2}{Metod}{}% 5
\BOOKMARK [2][-]{subsection.2.1}{Anv\344ndare}{section.2}% 6
\BOOKMARK [2][-]{subsection.2.2}{Unders\366kningsmilj\366}{section.2}% 7
\BOOKMARK [1][-]{section.3}{Resultat}{}% 8
\BOOKMARK [2][-]{subsection.3.1}{Anv\344ndarsyfte}{section.3}% 9
\BOOKMARK [2][-]{subsection.3.2}{Anv\344ndarkontext}{section.3}% 10
\BOOKMARK [1][-]{section.4}{Diskussion}{}% 11
\BOOKMARK [2][-]{subsection.4.1}{Funktionsm\344ssiga problem}{section.4}% 12
\BOOKMARK [2][-]{subsection.4.2}{Utseendem\344ssigt}{section.4}% 13
\BOOKMARK [2][-]{subsection.4.3}{Mindre anv\344ndbarhets problem}{section.4}% 14
\BOOKMARK [2][-]{subsection.4.4}{Stora anv\344ndbarhets problem}{section.4}% 15
\BOOKMARK [2][-]{subsection.4.5}{Positiv \345terkoppling}{section.4}% 16
\BOOKMARK [1][-]{section.5}{Designimplikationer}{}% 17
\BOOKMARK [1][-]{section.6}{Designteorier}{}% 18
\BOOKMARK [2][-]{subsection.6.1}{Mentala representationer}{section.6}% 19
\BOOKMARK [2][-]{subsection.6.2}{Perception}{section.6}% 20
\BOOKMARK [2][-]{subsection.6.3}{M\366nsterigenk\344nning}{section.6}% 21
\BOOKMARK [2][-]{subsection.6.4}{Kunskap och k\344nnedom}{section.6}% 22
\BOOKMARK [2][-]{subsection.6.5}{Affordans och gestaltningslagar}{section.6}% 23
\BOOKMARK [1][-]{section.7}{V\345r nya design}{}% 24
\BOOKMARK [1][-]{section.8}{Alternativa design}{}% 25
\BOOKMARK [1][-]{section.9}{Appendix}{}% 26
\BOOKMARK [1][-]{section.10}{K\344llor}{}% 27
