This is pdfTeX, Version 3.1415926-2.5-1.40.14 (TeX Live 2013/Debian) (format=pdflatex 2015.3.3)  12 MAR 2015 13:31
entering extended mode
 restricted \write18 enabled.
 %&-line parsing enabled.
**"Rapport del 2.tex"
(./Rapport del 2.tex
LaTeX2e <2011/06/27>
Babel <3.9h> and hyphenation patterns for 28 languages loaded.
(/usr/share/texlive/texmf-dist/tex/latex/base/article.cls
Document Class: article 2007/10/19 v1.4h Standard LaTeX document class
(/usr/share/texlive/texmf-dist/tex/latex/base/size11.clo
File: size11.clo 2007/10/19 v1.4h Standard LaTeX file (size option)
)
\c@part=\count79
\c@section=\count80
\c@subsection=\count81
\c@subsubsection=\count82
\c@paragraph=\count83
\c@subparagraph=\count84
\c@figure=\count85
\c@table=\count86
\abovecaptionskip=\skip41
\belowcaptionskip=\skip42
\bibindent=\dimen102
)
(/usr/share/texlive/texmf-dist/tex/latex/preprint/fullpage.sty
Package: fullpage 1999/02/23 1.1 (PWD)
\FP@margin=\skip43
)
(/usr/share/texlive/texmf-dist/tex/generic/babel/babel.sty
Package: babel 2013/12/03 3.9h The Babel package

(/usr/share/texlive/texmf-dist/tex/generic/babel-swedish/swedish.ldf
Language: swedish 2005/03/31 v2.3d Swedish support from the babel system

(/usr/share/texlive/texmf-dist/tex/generic/babel/babel.def
File: babel.def 2013/12/03 3.9h Babel common definitions
\babel@savecnt=\count87
\U@D=\dimen103
)
Package babel Info: Making " an active character on input line 90.
))
(/usr/share/texlive/texmf-dist/tex/latex/base/inputenc.sty
Package: inputenc 2008/03/30 v1.1d Input encoding file
\inpenc@prehook=\toks14
\inpenc@posthook=\toks15

(/usr/share/texlive/texmf-dist/tex/latex/base/utf8.def
File: utf8.def 2008/04/05 v1.1m UTF-8 support for inputenc
Now handling font encoding OML ...
... no UTF-8 mapping file for font encoding OML
Now handling font encoding T1 ...
... processing UTF-8 mapping file for font encoding T1

(/usr/share/texlive/texmf-dist/tex/latex/base/t1enc.dfu
File: t1enc.dfu 2008/04/05 v1.1m UTF-8 support for inputenc
   defining Unicode char U+00A1 (decimal 161)
   defining Unicode char U+00A3 (decimal 163)
   defining Unicode char U+00AB (decimal 171)
   defining Unicode char U+00BB (decimal 187)
   defining Unicode char U+00BF (decimal 191)
   defining Unicode char U+00C0 (decimal 192)
   defining Unicode char U+00C1 (decimal 193)
   defining Unicode char U+00C2 (decimal 194)
   defining Unicode char U+00C3 (decimal 195)
   defining Unicode char U+00C4 (decimal 196)
   defining Unicode char U+00C5 (decimal 197)
   defining Unicode char U+00C6 (decimal 198)
   defining Unicode char U+00C7 (decimal 199)
   defining Unicode char U+00C8 (decimal 200)
   defining Unicode char U+00C9 (decimal 201)
   defining Unicode char U+00CA (decimal 202)
   defining Unicode char U+00CB (decimal 203)
   defining Unicode char U+00CC (decimal 204)
   defining Unicode char U+00CD (decimal 205)
   defining Unicode char U+00CE (decimal 206)
   defining Unicode char U+00CF (decimal 207)
   defining Unicode char U+00D0 (decimal 208)
   defining Unicode char U+00D1 (decimal 209)
   defining Unicode char U+00D2 (decimal 210)
   defining Unicode char U+00D3 (decimal 211)
   defining Unicode char U+00D4 (decimal 212)
   defining Unicode char U+00D5 (decimal 213)
   defining Unicode char U+00D6 (decimal 214)
   defining Unicode char U+00D8 (decimal 216)
   defining Unicode char U+00D9 (decimal 217)
   defining Unicode char U+00DA (decimal 218)
   defining Unicode char U+00DB (decimal 219)
   defining Unicode char U+00DC (decimal 220)
   defining Unicode char U+00DD (decimal 221)
   defining Unicode char U+00DE (decimal 222)
   defining Unicode char U+00DF (decimal 223)
   defining Unicode char U+00E0 (decimal 224)
   defining Unicode char U+00E1 (decimal 225)
   defining Unicode char U+00E2 (decimal 226)
   defining Unicode char U+00E3 (decimal 227)
   defining Unicode char U+00E4 (decimal 228)
   defining Unicode char U+00E5 (decimal 229)
   defining Unicode char U+00E6 (decimal 230)
   defining Unicode char U+00E7 (decimal 231)
   defining Unicode char U+00E8 (decimal 232)
   defining Unicode char U+00E9 (decimal 233)
   defining Unicode char U+00EA (decimal 234)
   defining Unicode char U+00EB (decimal 235)
   defining Unicode char U+00EC (decimal 236)
   defining Unicode char U+00ED (decimal 237)
   defining Unicode char U+00EE (decimal 238)
   defining Unicode char U+00EF (decimal 239)
   defining Unicode char U+00F0 (decimal 240)
   defining Unicode char U+00F1 (decimal 241)
   defining Unicode char U+00F2 (decimal 242)
   defining Unicode char U+00F3 (decimal 243)
   defining Unicode char U+00F4 (decimal 244)
   defining Unicode char U+00F5 (decimal 245)
   defining Unicode char U+00F6 (decimal 246)
   defining Unicode char U+00F8 (decimal 248)
   defining Unicode char U+00F9 (decimal 249)
   defining Unicode char U+00FA (decimal 250)
   defining Unicode char U+00FB (decimal 251)
   defining Unicode char U+00FC (decimal 252)
   defining Unicode char U+00FD (decimal 253)
   defining Unicode char U+00FE (decimal 254)
   defining Unicode char U+00FF (decimal 255)
   defining Unicode char U+0102 (decimal 258)
   defining Unicode char U+0103 (decimal 259)
   defining Unicode char U+0104 (decimal 260)
   defining Unicode char U+0105 (decimal 261)
   defining Unicode char U+0106 (decimal 262)
   defining Unicode char U+0107 (decimal 263)
   defining Unicode char U+010C (decimal 268)
   defining Unicode char U+010D (decimal 269)
   defining Unicode char U+010E (decimal 270)
   defining Unicode char U+010F (decimal 271)
   defining Unicode char U+0110 (decimal 272)
   defining Unicode char U+0111 (decimal 273)
   defining Unicode char U+0118 (decimal 280)
   defining Unicode char U+0119 (decimal 281)
   defining Unicode char U+011A (decimal 282)
   defining Unicode char U+011B (decimal 283)
   defining Unicode char U+011E (decimal 286)
   defining Unicode char U+011F (decimal 287)
   defining Unicode char U+0130 (decimal 304)
   defining Unicode char U+0131 (decimal 305)
   defining Unicode char U+0132 (decimal 306)
   defining Unicode char U+0133 (decimal 307)
   defining Unicode char U+0139 (decimal 313)
   defining Unicode char U+013A (decimal 314)
   defining Unicode char U+013D (decimal 317)
   defining Unicode char U+013E (decimal 318)
   defining Unicode char U+0141 (decimal 321)
   defining Unicode char U+0142 (decimal 322)
   defining Unicode char U+0143 (decimal 323)
   defining Unicode char U+0144 (decimal 324)
   defining Unicode char U+0147 (decimal 327)
   defining Unicode char U+0148 (decimal 328)
   defining Unicode char U+014A (decimal 330)
   defining Unicode char U+014B (decimal 331)
   defining Unicode char U+0150 (decimal 336)
   defining Unicode char U+0151 (decimal 337)
   defining Unicode char U+0152 (decimal 338)
   defining Unicode char U+0153 (decimal 339)
   defining Unicode char U+0154 (decimal 340)
   defining Unicode char U+0155 (decimal 341)
   defining Unicode char U+0158 (decimal 344)
   defining Unicode char U+0159 (decimal 345)
   defining Unicode char U+015A (decimal 346)
   defining Unicode char U+015B (decimal 347)
   defining Unicode char U+015E (decimal 350)
   defining Unicode char U+015F (decimal 351)
   defining Unicode char U+0160 (decimal 352)
   defining Unicode char U+0161 (decimal 353)
   defining Unicode char U+0162 (decimal 354)
   defining Unicode char U+0163 (decimal 355)
   defining Unicode char U+0164 (decimal 356)
   defining Unicode char U+0165 (decimal 357)
   defining Unicode char U+016E (decimal 366)
   defining Unicode char U+016F (decimal 367)
   defining Unicode char U+0170 (decimal 368)
   defining Unicode char U+0171 (decimal 369)
   defining Unicode char U+0178 (decimal 376)
   defining Unicode char U+0179 (decimal 377)
   defining Unicode char U+017A (decimal 378)
   defining Unicode char U+017B (decimal 379)
   defining Unicode char U+017C (decimal 380)
   defining Unicode char U+017D (decimal 381)
   defining Unicode char U+017E (decimal 382)
   defining Unicode char U+200C (decimal 8204)
   defining Unicode char U+2013 (decimal 8211)
   defining Unicode char U+2014 (decimal 8212)
   defining Unicode char U+2018 (decimal 8216)
   defining Unicode char U+2019 (decimal 8217)
   defining Unicode char U+201A (decimal 8218)
   defining Unicode char U+201C (decimal 8220)
   defining Unicode char U+201D (decimal 8221)
   defining Unicode char U+201E (decimal 8222)
   defining Unicode char U+2030 (decimal 8240)
   defining Unicode char U+2031 (decimal 8241)
   defining Unicode char U+2039 (decimal 8249)
   defining Unicode char U+203A (decimal 8250)
   defining Unicode char U+2423 (decimal 9251)
)
Now handling font encoding OT1 ...
... processing UTF-8 mapping file for font encoding OT1

(/usr/share/texlive/texmf-dist/tex/latex/base/ot1enc.dfu
File: ot1enc.dfu 2008/04/05 v1.1m UTF-8 support for inputenc
   defining Unicode char U+00A1 (decimal 161)
   defining Unicode char U+00A3 (decimal 163)
   defining Unicode char U+00B8 (decimal 184)
   defining Unicode char U+00BF (decimal 191)
   defining Unicode char U+00C5 (decimal 197)
   defining Unicode char U+00C6 (decimal 198)
   defining Unicode char U+00D8 (decimal 216)
   defining Unicode char U+00DF (decimal 223)
   defining Unicode char U+00E6 (decimal 230)
   defining Unicode char U+00EC (decimal 236)
   defining Unicode char U+00ED (decimal 237)
   defining Unicode char U+00EE (decimal 238)
   defining Unicode char U+00EF (decimal 239)
   defining Unicode char U+00F8 (decimal 248)
   defining Unicode char U+0131 (decimal 305)
   defining Unicode char U+0141 (decimal 321)
   defining Unicode char U+0142 (decimal 322)
   defining Unicode char U+0152 (decimal 338)
   defining Unicode char U+0153 (decimal 339)
   defining Unicode char U+2013 (decimal 8211)
   defining Unicode char U+2014 (decimal 8212)
   defining Unicode char U+2018 (decimal 8216)
   defining Unicode char U+2019 (decimal 8217)
   defining Unicode char U+201C (decimal 8220)
   defining Unicode char U+201D (decimal 8221)
)
Now handling font encoding OMS ...
... processing UTF-8 mapping file for font encoding OMS

(/usr/share/texlive/texmf-dist/tex/latex/base/omsenc.dfu
File: omsenc.dfu 2008/04/05 v1.1m UTF-8 support for inputenc
   defining Unicode char U+00A7 (decimal 167)
   defining Unicode char U+00B6 (decimal 182)
   defining Unicode char U+00B7 (decimal 183)
   defining Unicode char U+2020 (decimal 8224)
   defining Unicode char U+2021 (decimal 8225)
   defining Unicode char U+2022 (decimal 8226)
)
Now handling font encoding OMX ...
... no UTF-8 mapping file for font encoding OMX
Now handling font encoding U ...
... no UTF-8 mapping file for font encoding U
   defining Unicode char U+00A9 (decimal 169)
   defining Unicode char U+00AA (decimal 170)
   defining Unicode char U+00AE (decimal 174)
   defining Unicode char U+00BA (decimal 186)
   defining Unicode char U+02C6 (decimal 710)
   defining Unicode char U+02DC (decimal 732)
   defining Unicode char U+200C (decimal 8204)
   defining Unicode char U+2026 (decimal 8230)
   defining Unicode char U+2122 (decimal 8482)
   defining Unicode char U+2423 (decimal 9251)
))
(/usr/share/texlive/texmf-dist/tex/latex/amsmath/amsmath.sty
Package: amsmath 2013/01/14 v2.14 AMS math features
\@mathmargin=\skip44

For additional information on amsmath, use the `?' option.
(/usr/share/texlive/texmf-dist/tex/latex/amsmath/amstext.sty
Package: amstext 2000/06/29 v2.01

(/usr/share/texlive/texmf-dist/tex/latex/amsmath/amsgen.sty
File: amsgen.sty 1999/11/30 v2.0
\@emptytoks=\toks16
\ex@=\dimen104
))
(/usr/share/texlive/texmf-dist/tex/latex/amsmath/amsbsy.sty
Package: amsbsy 1999/11/29 v1.2d
\pmbraise@=\dimen105
)
(/usr/share/texlive/texmf-dist/tex/latex/amsmath/amsopn.sty
Package: amsopn 1999/12/14 v2.01 operator names
)
\inf@bad=\count88
LaTeX Info: Redefining \frac on input line 210.
\uproot@=\count89
\leftroot@=\count90
LaTeX Info: Redefining \overline on input line 306.
\classnum@=\count91
\DOTSCASE@=\count92
LaTeX Info: Redefining \ldots on input line 378.
LaTeX Info: Redefining \dots on input line 381.
LaTeX Info: Redefining \cdots on input line 466.
\Mathstrutbox@=\box26
\strutbox@=\box27
\big@size=\dimen106
LaTeX Font Info:    Redeclaring font encoding OML on input line 566.
LaTeX Font Info:    Redeclaring font encoding OMS on input line 567.
\macc@depth=\count93
\c@MaxMatrixCols=\count94
\dotsspace@=\muskip10
\c@parentequation=\count95
\dspbrk@lvl=\count96
\tag@help=\toks17
\row@=\count97
\column@=\count98
\maxfields@=\count99
\andhelp@=\toks18
\eqnshift@=\dimen107
\alignsep@=\dimen108
\tagshift@=\dimen109
\tagwidth@=\dimen110
\totwidth@=\dimen111
\lineht@=\dimen112
\@envbody=\toks19
\multlinegap=\skip45
\multlinetaggap=\skip46
\mathdisplay@stack=\toks20
LaTeX Info: Redefining \[ on input line 2665.
LaTeX Info: Redefining \] on input line 2666.
)
(/usr/share/texlive/texmf-dist/tex/latex/amsfonts/amssymb.sty
Package: amssymb 2013/01/14 v3.01 AMS font symbols

(/usr/share/texlive/texmf-dist/tex/latex/amsfonts/amsfonts.sty
Package: amsfonts 2013/01/14 v3.01 Basic AMSFonts support
\symAMSa=\mathgroup4
\symAMSb=\mathgroup5
LaTeX Font Info:    Overwriting math alphabet `\mathfrak' in version `bold'
(Font)                  U/euf/m/n --> U/euf/b/n on input line 106.
))
(/usr/share/texlive/texmf-dist/tex/latex/amscls/amsthm.sty
Package: amsthm 2004/08/06 v2.20
\thm@style=\toks21
\thm@bodyfont=\toks22
\thm@headfont=\toks23
\thm@notefont=\toks24
\thm@headpunct=\toks25
\thm@preskip=\skip47
\thm@postskip=\skip48
\thm@headsep=\skip49
\dth@everypar=\toks26
)
(/usr/share/texlive/texmf-dist/tex/latex/graphics/color.sty
Package: color 2005/11/14 v1.0j Standard LaTeX Color (DPC)

(/usr/share/texlive/texmf-dist/tex/latex/latexconfig/color.cfg
File: color.cfg 2007/01/18 v1.5 color configuration of teTeX/TeXLive
)
Package color Info: Driver file: pdftex.def on input line 130.

(/usr/share/texlive/texmf-dist/tex/latex/pdftex-def/pdftex.def
File: pdftex.def 2011/05/27 v0.06d Graphics/color for pdfTeX

(/usr/share/texlive/texmf-dist/tex/generic/oberdiek/infwarerr.sty
Package: infwarerr 2010/04/08 v1.3 Providing info/warning/error messages (HO)
)
(/usr/share/texlive/texmf-dist/tex/generic/oberdiek/ltxcmds.sty
Package: ltxcmds 2011/11/09 v1.22 LaTeX kernel commands for general use (HO)
)
\Gread@gobject=\count100
))
(/usr/share/texlive/texmf-dist/tex/latex/float/float.sty
Package: float 2001/11/08 v1.3d Float enhancements (AL)
\c@float@type=\count101
\float@exts=\toks27
\float@box=\box28
\@float@everytoks=\toks28
\@floatcapt=\box29
)
(/usr/share/texlive/texmf-dist/tex/latex/listings/listings.sty
(/usr/share/texlive/texmf-dist/tex/latex/graphics/keyval.sty
Package: keyval 1999/03/16 v1.13 key=value parser (DPC)
\KV@toks@=\toks29
)
\lst@mode=\count102
\lst@gtempboxa=\box30
\lst@token=\toks30
\lst@length=\count103
\lst@currlwidth=\dimen113
\lst@column=\count104
\lst@pos=\count105
\lst@lostspace=\dimen114
\lst@width=\dimen115
\lst@newlines=\count106
\lst@lineno=\count107
\lst@maxwidth=\dimen116

(/usr/share/texlive/texmf-dist/tex/latex/listings/lstmisc.sty
File: lstmisc.sty 2013/08/26 1.5b (Carsten Heinz)
\c@lstnumber=\count108
\lst@skipnumbers=\count109
\lst@framebox=\box31
)
(/usr/share/texlive/texmf-dist/tex/latex/listings/listings.cfg
File: listings.cfg 2013/08/26 1.5b listings configuration
))
Package: listings 2013/08/26 1.5b (Carsten Heinz)

(/usr/share/texlive/texmf-dist/tex/latex/base/fontenc.sty
Package: fontenc 2005/09/27 v1.99g Standard LaTeX package
)
(/usr/share/texlive/texmf-dist/tex/latex/hyperref/hyperref.sty
Package: hyperref 2012/11/06 v6.83m Hypertext links for LaTeX

(/usr/share/texlive/texmf-dist/tex/generic/oberdiek/hobsub-hyperref.sty
Package: hobsub-hyperref 2012/05/28 v1.13 Bundle oberdiek, subset hyperref (HO)


(/usr/share/texlive/texmf-dist/tex/generic/oberdiek/hobsub-generic.sty
Package: hobsub-generic 2012/05/28 v1.13 Bundle oberdiek, subset generic (HO)
Package: hobsub 2012/05/28 v1.13 Construct package bundles (HO)
Package hobsub Info: Skipping package `infwarerr' (already loaded).
Package hobsub Info: Skipping package `ltxcmds' (already loaded).
Package: ifluatex 2010/03/01 v1.3 Provides the ifluatex switch (HO)
Package ifluatex Info: LuaTeX not detected.
Package: ifvtex 2010/03/01 v1.5 Detect VTeX and its facilities (HO)
Package ifvtex Info: VTeX not detected.
Package: intcalc 2007/09/27 v1.1 Expandable calculations with integers (HO)
Package: ifpdf 2011/01/30 v2.3 Provides the ifpdf switch (HO)
Package ifpdf Info: pdfTeX in PDF mode is detected.
Package: etexcmds 2011/02/16 v1.5 Avoid name clashes with e-TeX commands (HO)
Package etexcmds Info: Could not find \expanded.
(etexcmds)             That can mean that you are not using pdfTeX 1.50 or
(etexcmds)             that some package has redefined \expanded.
(etexcmds)             In the latter case, load this package earlier.
Package: kvsetkeys 2012/04/25 v1.16 Key value parser (HO)
Package: kvdefinekeys 2011/04/07 v1.3 Define keys (HO)
Package: pdftexcmds 2011/11/29 v0.20 Utility functions of pdfTeX for LuaTeX (HO
)
Package pdftexcmds Info: LuaTeX not detected.
Package pdftexcmds Info: \pdf@primitive is available.
Package pdftexcmds Info: \pdf@ifprimitive is available.
Package pdftexcmds Info: \pdfdraftmode found.
Package: pdfescape 2011/11/25 v1.13 Implements pdfTeX's escape features (HO)
Package: bigintcalc 2012/04/08 v1.3 Expandable calculations on big integers (HO
)
Package: bitset 2011/01/30 v1.1 Handle bit-vector datatype (HO)
Package: uniquecounter 2011/01/30 v1.2 Provide unlimited unique counter (HO)
)
Package hobsub Info: Skipping package `hobsub' (already loaded).
Package: letltxmacro 2010/09/02 v1.4 Let assignment for LaTeX macros (HO)
Package: hopatch 2012/05/28 v1.2 Wrapper for package hooks (HO)
Package: xcolor-patch 2011/01/30 xcolor patch
Package: atveryend 2011/06/30 v1.8 Hooks at the very end of document (HO)
Package atveryend Info: \enddocument detected (standard20110627).
Package: atbegshi 2011/10/05 v1.16 At begin shipout hook (HO)
Package: refcount 2011/10/16 v3.4 Data extraction from label references (HO)
Package: hycolor 2011/01/30 v1.7 Color options for hyperref/bookmark (HO)
)
(/usr/share/texlive/texmf-dist/tex/generic/ifxetex/ifxetex.sty
Package: ifxetex 2010/09/12 v0.6 Provides ifxetex conditional
)
(/usr/share/texlive/texmf-dist/tex/latex/oberdiek/auxhook.sty
Package: auxhook 2011/03/04 v1.3 Hooks for auxiliary files (HO)
)
(/usr/share/texlive/texmf-dist/tex/latex/oberdiek/kvoptions.sty
Package: kvoptions 2011/06/30 v3.11 Key value format for package options (HO)
)
\@linkdim=\dimen117
\Hy@linkcounter=\count110
\Hy@pagecounter=\count111

(/usr/share/texlive/texmf-dist/tex/latex/hyperref/pd1enc.def
File: pd1enc.def 2012/11/06 v6.83m Hyperref: PDFDocEncoding definition (HO)
Now handling font encoding PD1 ...
... no UTF-8 mapping file for font encoding PD1
)
\Hy@SavedSpaceFactor=\count112

(/usr/share/texlive/texmf-dist/tex/latex/latexconfig/hyperref.cfg
File: hyperref.cfg 2002/06/06 v1.2 hyperref configuration of TeXLive
)
Package hyperref Info: Hyper figures OFF on input line 4443.
Package hyperref Info: Link nesting OFF on input line 4448.
Package hyperref Info: Hyper index ON on input line 4451.
Package hyperref Info: Plain pages OFF on input line 4458.
Package hyperref Info: Backreferencing OFF on input line 4463.
Package hyperref Info: Implicit mode ON; LaTeX internals redefined.
Package hyperref Info: Bookmarks ON on input line 4688.
\c@Hy@tempcnt=\count113

(/usr/share/texlive/texmf-dist/tex/latex/url/url.sty
\Urlmuskip=\muskip11
Package: url 2013/09/16  ver 3.4  Verb mode for urls, etc.
)
LaTeX Info: Redefining \url on input line 5041.
\XeTeXLinkMargin=\dimen118
\Fld@menulength=\count114
\Field@Width=\dimen119
\Fld@charsize=\dimen120
Package hyperref Info: Hyper figures OFF on input line 6295.
Package hyperref Info: Link nesting OFF on input line 6300.
Package hyperref Info: Hyper index ON on input line 6303.
Package hyperref Info: backreferencing OFF on input line 6310.
Package hyperref Info: Link coloring OFF on input line 6315.
Package hyperref Info: Link coloring with OCG OFF on input line 6320.
Package hyperref Info: PDF/A mode OFF on input line 6325.
LaTeX Info: Redefining \ref on input line 6365.
LaTeX Info: Redefining \pageref on input line 6369.
\Hy@abspage=\count115
\c@Item=\count116
\c@Hfootnote=\count117
)

Package hyperref Message: Driver (autodetected): hpdftex.

(/usr/share/texlive/texmf-dist/tex/latex/hyperref/hpdftex.def
File: hpdftex.def 2012/11/06 v6.83m Hyperref driver for pdfTeX
\Fld@listcount=\count118
\c@bookmark@seq@number=\count119

(/usr/share/texlive/texmf-dist/tex/latex/oberdiek/rerunfilecheck.sty
Package: rerunfilecheck 2011/04/15 v1.7 Rerun checks for auxiliary files (HO)
Package uniquecounter Info: New unique counter `rerunfilecheck' on input line 2
82.
)
\Hy@SectionHShift=\skip50
)
(/usr/share/texlive/texmf-dist/tex/latex/graphics/graphicx.sty
Package: graphicx 1999/02/16 v1.0f Enhanced LaTeX Graphics (DPC,SPQR)

(/usr/share/texlive/texmf-dist/tex/latex/graphics/graphics.sty
Package: graphics 2009/02/05 v1.0o Standard LaTeX Graphics (DPC,SPQR)

(/usr/share/texlive/texmf-dist/tex/latex/graphics/trig.sty
Package: trig 1999/03/16 v1.09 sin cos tan (DPC)
)
(/usr/share/texlive/texmf-dist/tex/latex/latexconfig/graphics.cfg
File: graphics.cfg 2010/04/23 v1.9 graphics configuration of TeX Live
)
Package graphics Info: Driver file: pdftex.def on input line 91.
)
\Gin@req@height=\dimen121
\Gin@req@width=\dimen122
)
(/usr/share/texlive/texmf-dist/tex/latex/adjustbox/adjustbox.sty
Package: adjustbox 2012/05/21 v1.0 Adjusting TeX boxes (trim, clip, ...)

(/usr/share/texlive/texmf-dist/tex/latex/xkeyval/xkeyval.sty
Package: xkeyval 2012/10/14 v2.6b package option processing (HA)

(/usr/share/texlive/texmf-dist/tex/generic/xkeyval/xkeyval.tex
\XKV@toks=\toks31
\XKV@tempa@toks=\toks32
\XKV@depth=\count120
File: xkeyval.tex 2012/10/14 v2.6b key=value parser (HA)
))
(/usr/share/texlive/texmf-dist/tex/latex/adjustbox/adjcalc.sty
Package: adjcalc 2012/05/16 v1.1 Provides advanced setlength with multiple back
-ends (calc, etex, pgfmath)
)
(/usr/share/texlive/texmf-dist/tex/latex/adjustbox/trimclip.sty
Package: trimclip 2012/05/16 v1.0 Trim and clip general TeX material

(/usr/share/texlive/texmf-dist/tex/latex/collectbox/collectbox.sty
Package: collectbox 2012/05/17 v0.4b Collect macro arguments as boxes
\collectedbox=\box32
)
\tc@llx=\dimen123
\tc@lly=\dimen124
\tc@urx=\dimen125
\tc@ury=\dimen126
Package trimclip Info: Using driver 'tc-pdftex.def'.

(/usr/share/texlive/texmf-dist/tex/latex/adjustbox/tc-pdftex.def
File: tc-pdftex.def 2012/05/13 v1.0 Clipping driver for pdftex
))
\adjbox@Width=\dimen127
\adjbox@Height=\dimen128
\adjbox@Depth=\dimen129
\adjbox@Totalheight=\dimen130

(/usr/share/texlive/texmf-dist/tex/latex/ifoddpage/ifoddpage.sty
Package: ifoddpage 2011/09/13 v1.0 Conditionals for odd/even page detection
\c@checkoddpage=\count121
)
(/usr/share/texlive/texmf-dist/tex/latex/varwidth/varwidth.sty
Package: varwidth 2009/03/30 ver 0.92;  Variable-width minipages
\@vwid@box=\box33
\sift@deathcycles=\count122
\@vwid@loff=\dimen131
\@vwid@roff=\dimen132
))
(/usr/share/texlive/texmf-dist/tex/latex/wrapfig/wrapfig.sty
\wrapoverhang=\dimen133
\WF@size=\dimen134
\c@WF@wrappedlines=\count123
\WF@box=\box34
\WF@everypar=\toks33
Package: wrapfig 2003/01/31  v 3.6
)
(/usr/share/texlive/texmf-dist/tex/latex/tools/tabularx.sty
Package: tabularx 1999/01/07 v2.07 `tabularx' package (DPC)

(/usr/share/texlive/texmf-dist/tex/latex/tools/array.sty
Package: array 2008/09/09 v2.4c Tabular extension package (FMi)
\col@sep=\dimen135
\extrarowheight=\dimen136
\NC@list=\toks34
\extratabsurround=\skip51
\backup@length=\skip52
)
\TX@col@width=\dimen137
\TX@old@table=\dimen138
\TX@old@col=\dimen139
\TX@target=\dimen140
\TX@delta=\dimen141
\TX@cols=\count124
\TX@ftn=\toks35
)
(/usr/share/texmf/tex/latex/xcolor/xcolor.sty
Package: xcolor 2007/01/21 v2.11 LaTeX color extensions (UK)

(/usr/share/texlive/texmf-dist/tex/latex/latexconfig/color.cfg
File: color.cfg 2007/01/18 v1.5 color configuration of teTeX/TeXLive
)
Package xcolor Info: Driver file: pdftex.def on input line 225.

(/usr/share/texlive/texmf-dist/tex/latex/colortbl/colortbl.sty
Package: colortbl 2012/02/13 v1.0a Color table columns (DPC)
\everycr=\toks36
\minrowclearance=\skip53
)
LaTeX Info: Redefining \color on input line 702.
\rownum=\count125
Package xcolor Info: Model `cmy' substituted by `cmy0' on input line 1337.
Package xcolor Info: Model `hsb' substituted by `rgb' on input line 1341.
Package xcolor Info: Model `RGB' extended on input line 1353.
Package xcolor Info: Model `HTML' substituted by `rgb' on input line 1355.
Package xcolor Info: Model `Hsb' substituted by `hsb' on input line 1356.
Package xcolor Info: Model `tHsb' substituted by `hsb' on input line 1357.
Package xcolor Info: Model `HSB' substituted by `hsb' on input line 1358.
Package xcolor Info: Model `Gray' substituted by `gray' on input line 1359.
Package xcolor Info: Model `wave' substituted by `hsb' on input line 1360.
)
(/usr/share/texlive/texmf-dist/tex/latex/enumitem/enumitem.sty
Package: enumitem 2011/09/28 v3.5.2 Customized lists
\labelindent=\skip54
\enit@outerparindent=\dimen142
\enit@toks=\toks37
\enit@inbox=\box35
\enitdp@description=\count126
)
(/usr/share/texlive/texmf-dist/tex/latex/placeins/placeins.sty
Package: placeins 2005/04/18  v 2.2
)
(/usr/share/texlive/texmf-dist/tex/latex/multirow/multirow.sty
\bigstrutjot=\dimen143
)
(/usr/share/texlive/texmf-dist/tex/latex/caption/caption.sty
Package: caption 2013/05/02 v3.3-89 Customizing captions (AR)

(/usr/share/texlive/texmf-dist/tex/latex/caption/caption3.sty
Package: caption3 2013/05/02 v1.6-88 caption3 kernel (AR)
Package caption3 Info: TeX engine: e-TeX on input line 57.
\captionmargin=\dimen144
\captionmargin@=\dimen145
\captionwidth=\dimen146
\caption@tempdima=\dimen147
\caption@indent=\dimen148
\caption@parindent=\dimen149
\caption@hangindent=\dimen150
)
\c@ContinuedFloat=\count127
Package caption Info: float package is loaded.
Package caption Info: hyperref package is loaded.
Package caption Info: listings package is loaded.
Package caption Info: wrapfig package is loaded.
)
(./Rapport del 2.aux)
\openout1 = `"Rapport del 2.aux"'.

LaTeX Font Info:    Checking defaults for OML/cmm/m/it on input line 34.
LaTeX Font Info:    ... okay on input line 34.
LaTeX Font Info:    Checking defaults for T1/cmr/m/n on input line 34.
LaTeX Font Info:    ... okay on input line 34.
LaTeX Font Info:    Checking defaults for OT1/cmr/m/n on input line 34.
LaTeX Font Info:    ... okay on input line 34.
LaTeX Font Info:    Checking defaults for OMS/cmsy/m/n on input line 34.
LaTeX Font Info:    ... okay on input line 34.
LaTeX Font Info:    Checking defaults for OMX/cmex/m/n on input line 34.
LaTeX Font Info:    ... okay on input line 34.
LaTeX Font Info:    Checking defaults for U/cmr/m/n on input line 34.
LaTeX Font Info:    ... okay on input line 34.
LaTeX Font Info:    Checking defaults for PD1/pdf/m/n on input line 34.
LaTeX Font Info:    ... okay on input line 34.

(/usr/share/texlive/texmf-dist/tex/context/base/supp-pdf.mkii
[Loading MPS to PDF converter (version 2006.09.02).]
\scratchcounter=\count128
\scratchdimen=\dimen151
\scratchbox=\box36
\nofMPsegments=\count129
\nofMParguments=\count130
\everyMPshowfont=\toks38
\MPscratchCnt=\count131
\MPscratchDim=\dimen152
\MPnumerator=\count132
\makeMPintoPDFobject=\count133
\everyMPtoPDFconversion=\toks39
)
\c@lstlisting=\count134
\AtBeginShipoutBox=\box37
Package hyperref Info: Link coloring OFF on input line 34.
 (/usr/share/texlive/texmf-dist/tex/latex/hyperref/nameref.sty
Package: nameref 2012/10/27 v2.43 Cross-referencing by name of section

(/usr/share/texlive/texmf-dist/tex/generic/oberdiek/gettitlestring.sty
Package: gettitlestring 2010/12/03 v1.4 Cleanup title references (HO)
)
\c@section@level=\count135
)
LaTeX Info: Redefining \ref on input line 34.
LaTeX Info: Redefining \pageref on input line 34.
LaTeX Info: Redefining \nameref on input line 34.

(./Rapport del 2.out) (./Rapport del 2.out)
\@outlinefile=\write3
\openout3 = `"Rapport del 2.out"'.


(/usr/share/texlive/texmf-dist/tex/latex/oberdiek/epstopdf-base.sty
Package: epstopdf-base 2010/02/09 v2.5 Base part for package epstopdf

(/usr/share/texlive/texmf-dist/tex/latex/oberdiek/grfext.sty
Package: grfext 2010/08/19 v1.1 Manage graphics extensions (HO)
)
Package grfext Info: Graphics extension search list:
(grfext)             [.png,.pdf,.jpg,.mps,.jpeg,.jbig2,.jb2,.PNG,.PDF,.JPG,.JPE
G,.JBIG2,.JB2,.eps]
(grfext)             \AppendGraphicsExtensions on input line 452.

(/usr/share/texlive/texmf-dist/tex/latex/latexconfig/epstopdf-sys.cfg
File: epstopdf-sys.cfg 2010/07/13 v1.3 Configuration of (r)epstopdf for TeX Liv
e
))
Package caption Info: Begin \AtBeginDocument code.
Package caption Info: End \AtBeginDocument code.
LaTeX Font Info:    Try loading font information for U+msa on input line 53.

(/usr/share/texlive/texmf-dist/tex/latex/amsfonts/umsa.fd
File: umsa.fd 2013/01/14 v3.01 AMS symbols A
)
LaTeX Font Info:    Try loading font information for U+msb on input line 53.

(/usr/share/texlive/texmf-dist/tex/latex/amsfonts/umsb.fd
File: umsb.fd 2013/01/14 v3.01 AMS symbols B
)
<SFBioLogo.png, id=112, 200.75pt x 200.75pt>
File: SFBioLogo.png Graphic file (type png)
 <use SFBioLogo.png>
Package pdftex.def Info: SFBioLogo.png used on input line 56.
(pdftex.def)             Requested size: 200.7495pt x 200.7495pt.
Package babel Info: Redefining swedish shorthand "|
(babel)             in language  on input line 59.
Package babel Info: Redefining swedish shorthand "~
(babel)             in language  on input line 59.
Package babel Info: Redefining swedish shorthand "|
(babel)             in language  on input line 59.
Package babel Info: Redefining swedish shorthand "~
(babel)             in language  on input line 59.
 [1

{/var/lib/texmf/fonts/map/pdftex/updmap/pdftex.map} <./SFBioLogo.png>] (./Rappo
rt del 2.toc)
\tf@toc=\write4
\openout4 = `"Rapport del 2.toc"'.


Underfull \hbox (badness 10000) in paragraph at lines 63--67

 []

Package babel Info: Redefining swedish shorthand "|
(babel)             in language  on input line 67.
Package babel Info: Redefining swedish shorthand "~
(babel)             in language  on input line 67.
Package babel Info: Redefining swedish shorthand "|
(babel)             in language  on input line 67.
Package babel Info: Redefining swedish shorthand "~
(babel)             in language  on input line 67.
[2]
Package babel Info: Redefining swedish shorthand "|
(babel)             in language  on input line 69.
Package babel Info: Redefining swedish shorthand "~
(babel)             in language  on input line 69.
Package babel Info: Redefining swedish shorthand "|
(babel)             in language  on input line 73.
Package babel Info: Redefining swedish shorthand "~
(babel)             in language  on input line 73.
Package babel Info: Redefining swedish shorthand "|
(babel)             in language  on input line 76.
Package babel Info: Redefining swedish shorthand "~
(babel)             in language  on input line 76.
Package babel Info: Redefining swedish shorthand "|
(babel)             in language  on input line 80.
Package babel Info: Redefining swedish shorthand "~
(babel)             in language  on input line 80.
Package babel Info: Redefining swedish shorthand "|
(babel)             in language  on input line 83.
Package babel Info: Redefining swedish shorthand "~
(babel)             in language  on input line 83.
Package babel Info: Redefining swedish shorthand "|
(babel)             in language  on input line 83.
Package babel Info: Redefining swedish shorthand "~
(babel)             in language  on input line 83.
 [3]
Package babel Info: Redefining swedish shorthand "|
(babel)             in language  on input line 84.
Package babel Info: Redefining swedish shorthand "~
(babel)             in language  on input line 84.

Overfull \hbox (4.29749pt too wide) in paragraph at lines 87--87
[][][]\OT1/cmr/m/n/9 Nielsen Nor-man Group. 2012 []$\OT1/cmtt/m/n/9 http : / / 
www . nngroup . com / articles / thinking-[]aloud-[]the-[]1-[]usability-[]tool/
$[] 
 []

Package babel Info: Redefining swedish shorthand "|
(babel)             in language  on input line 91.
Package babel Info: Redefining swedish shorthand "~
(babel)             in language  on input line 91.
Package babel Info: Redefining swedish shorthand "|
(babel)             in language  on input line 96.
Package babel Info: Redefining swedish shorthand "~
(babel)             in language  on input line 96.
Package babel Info: Redefining swedish shorthand "|
(babel)             in language  on input line 99.
Package babel Info: Redefining swedish shorthand "~
(babel)             in language  on input line 99.
Package babel Info: Redefining swedish shorthand "|
(babel)             in language  on input line 99.
Package babel Info: Redefining swedish shorthand "~
(babel)             in language  on input line 99.
[4]
Package babel Info: Redefining swedish shorthand "|
(babel)             in language  on input line 100.
Package babel Info: Redefining swedish shorthand "~
(babel)             in language  on input line 100.

Underfull \hbox (badness 10000) in paragraph at lines 102--103

 []

<charts.png, id=183, 441.65pt x 520.94624pt>
File: charts.png Graphic file (type png)
 <use charts.png>
Package pdftex.def Info: charts.png used on input line 107.
(pdftex.def)             Requested size: 217.42265pt x 256.45824pt.

Underfull \hbox (badness 10000) in paragraph at lines 112--113

 []


Underfull \hbox (badness 10000) in paragraph at lines 114--115

 []


Overfull \hbox (7.59898pt too wide) in paragraph at lines 128--131
[]\OT1/cmr/m/n/10.95 Resultaten fr^^Wan v^^Wara in-ter-vju-er styr-ker ut-fal-l
et fr^^Wan enk[]aten och gav oss de-tal-jer p^^Wa f[]orb[]attring.
 []

Package babel Info: Redefining swedish shorthand "|
(babel)             in language  on input line 131.
Package babel Info: Redefining swedish shorthand "~
(babel)             in language  on input line 131.
Package babel Info: Redefining swedish shorthand "|
(babel)             in language  on input line 131.
Package babel Info: Redefining swedish shorthand "~
(babel)             in language  on input line 131.
[5 <./charts.png (PNG copy)>]
Package babel Info: Redefining swedish shorthand "|
(babel)             in language  on input line 137.
Package babel Info: Redefining swedish shorthand "~
(babel)             in language  on input line 137.
Package babel Info: Redefining swedish shorthand "|
(babel)             in language  on input line 140.
Package babel Info: Redefining swedish shorthand "~
(babel)             in language  on input line 140.
Package babel Info: Redefining swedish shorthand "|
(babel)             in language  on input line 143.
Package babel Info: Redefining swedish shorthand "~
(babel)             in language  on input line 143.
Package babel Info: Redefining swedish shorthand "|
(babel)             in language  on input line 143.
Package babel Info: Redefining swedish shorthand "~
(babel)             in language  on input line 143.
 [6]
Package babel Info: Redefining swedish shorthand "|
(babel)             in language  on input line 144.
Package babel Info: Redefining swedish shorthand "~
(babel)             in language  on input line 144.
Package babel Info: Redefining swedish shorthand "|
(babel)             in language  on input line 148.
Package babel Info: Redefining swedish shorthand "~
(babel)             in language  on input line 148.
Package babel Info: Redefining swedish shorthand "|
(babel)             in language  on input line 153.
Package babel Info: Redefining swedish shorthand "~
(babel)             in language  on input line 153.

<StartsidaLow.png, id=199, 1299.85625pt x 660.4675pt>
File: StartsidaLow.png Graphic file (type png)
 <use StartsidaLow.png>
Package pdftex.def Info: StartsidaLow.png used on input line 160.
(pdftex.def)             Requested size: 350.96588pt x 178.3286pt.
Package babel Info: Redefining swedish shorthand "|
(babel)             in language  on input line 164.
Package babel Info: Redefining swedish shorthand "~
(babel)             in language  on input line 164.
Package babel Info: Redefining swedish shorthand "|
(babel)             in language  on input line 164.
Package babel Info: Redefining swedish shorthand "~
(babel)             in language  on input line 164.

[7]
Package babel Info: Redefining swedish shorthand "|
(babel)             in language  on input line 165.
Package babel Info: Redefining swedish shorthand "~
(babel)             in language  on input line 165.
Package babel Info: Redefining swedish shorthand "|
(babel)             in language  on input line 168.
Package babel Info: Redefining swedish shorthand "~
(babel)             in language  on input line 168.
Package babel Info: Redefining swedish shorthand "|
(babel)             in language  on input line 171.
Package babel Info: Redefining swedish shorthand "~
(babel)             in language  on input line 171.
Package babel Info: Redefining swedish shorthand "|
(babel)             in language  on input line 174.
Package babel Info: Redefining swedish shorthand "~
(babel)             in language  on input line 174.
Package babel Info: Redefining swedish shorthand "|
(babel)             in language  on input line 174.
Package babel Info: Redefining swedish shorthand "~
(babel)             in language  on input line 174.
 [8 <./StartsidaLow.png>]
Package babel Info: Redefining swedish shorthand "|
(babel)             in language  on input line 177.
Package babel Info: Redefining swedish shorthand "~
(babel)             in language  on input line 177.
Package babel Info: Redefining swedish shorthand "|
(babel)             in language  on input line 183.
Package babel Info: Redefining swedish shorthand "~
(babel)             in language  on input line 183.
Package babel Info: Redefining swedish shorthand "|
(babel)             in language  on input line 183.
Package babel Info: Redefining swedish shorthand "~
(babel)             in language  on input line 183.
 [9]
Package babel Info: Redefining swedish shorthand "|
(babel)             in language  on input line 184.
Package babel Info: Redefining swedish shorthand "~
(babel)             in language  on input line 184.
Package babel Info: Redefining swedish shorthand "|
(babel)             in language  on input line 187.
Package babel Info: Redefining swedish shorthand "~
(babel)             in language  on input line 187.
Package babel Info: Redefining swedish shorthand "|
(babel)             in language  on input line 190.
Package babel Info: Redefining swedish shorthand "~
(babel)             in language  on input line 190.
Package babel Info: Redefining swedish shorthand "|
(babel)             in language  on input line 195.
Package babel Info: Redefining swedish shorthand "~
(babel)             in language  on input line 195.
Package babel Info: Redefining swedish shorthand "|
(babel)             in language  on input line 198.
Package babel Info: Redefining swedish shorthand "~
(babel)             in language  on input line 198.
Package babel Info: Redefining swedish shorthand "|
(babel)             in language  on input line 200.
Package babel Info: Redefining swedish shorthand "~
(babel)             in language  on input line 200.
Package babel Info: Redefining swedish shorthand "|
(babel)             in language  on input line 200.
Package babel Info: Redefining swedish shorthand "~
(babel)             in language  on input line 200.
 [10]
Package babel Info: Redefining swedish shorthand "|
(babel)             in language  on input line 201.
Package babel Info: Redefining swedish shorthand "~
(babel)             in language  on input line 201.
Package babel Info: Redefining swedish shorthand "|
(babel)             in language  on input line 208.
Package babel Info: Redefining swedish shorthand "~
(babel)             in language  on input line 208.
Package babel Info: Redefining swedish shorthand "|
(babel)             in language  on input line 208.
Package babel Info: Redefining swedish shorthand "~
(babel)             in language  on input line 208.
 [11]
Package babel Info: Redefining swedish shorthand "|
(babel)             in language  on input line 209.
Package babel Info: Redefining swedish shorthand "~
(babel)             in language  on input line 209.

<ourdesign.png, id=230, 1845.89626pt x 943.525pt>
File: ourdesign.png Graphic file (type png)
 <use ourdesign.png>
Package pdftex.def Info: ourdesign.png used on input line 215.
(pdftex.def)             Requested size: 369.17271pt x 188.70164pt.

<befintligstartsida.png, id=231, 1289.81876pt x 666.49pt>
File: befintligstartsida.png Graphic file (type png)

<use befintligstartsida.png>
Package pdftex.def Info: befintligstartsida.png used on input line 227.
(pdftex.def)             Requested size: 348.25572pt x 179.9547pt.
Package babel Info: Redefining swedish shorthand "|
(babel)             in language  on input line 230.
Package babel Info: Redefining swedish shorthand "~
(babel)             in language  on input line 230.
Package babel Info: Redefining swedish shorthand "|
(babel)             in language  on input line 230.
Package babel Info: Redefining swedish shorthand "~
(babel)             in language  on input line 230.
 [12 <./ourdesign.png>]
Underfull \hbox (badness 10000) in paragraph at lines 236--238

 []

Package babel Info: Redefining swedish shorthand "|
(babel)             in language  on input line 239.
Package babel Info: Redefining swedish shorthand "~
(babel)             in language  on input line 239.
Package babel Info: Redefining swedish shorthand "|
(babel)             in language  on input line 239.
Package babel Info: Redefining swedish shorthand "~
(babel)             in language  on input line 239.
[13 <./befintligstartsida.png>] <valavstad.png, id=243, 1204.5pt x 642.4pt>
File: valavstad.png Graphic file (type png)

<use valavstad.png>
Package pdftex.def Info: valavstad.png used on input line 246.
(pdftex.def)             Requested size: 325.21935pt x 173.45032pt.
Package babel Info: Redefining swedish shorthand "|
(babel)             in language  on input line 251.
Package babel Info: Redefining swedish shorthand "~
(babel)             in language  on input line 251.
Package babel Info: Redefining swedish shorthand "|
(babel)             in language  on input line 251.
Package babel Info: Redefining swedish shorthand "~
(babel)             in language  on input line 251.
 [14 <./valavstad.png>]
Underfull \hbox (badness 10000) in paragraph at lines 252--254

 []

<filmermeny.png, id=249, 1104.125pt x 897.3525pt>
File: filmermeny.png Graphic file (type png)
 <use filmermeny.png>
Package pdftex.def Info: filmermeny.png used on input line 257.
(pdftex.def)             Requested size: 298.11774pt x 242.2884pt.
Package babel Info: Redefining swedish shorthand "|
(babel)             in language  on input line 263.
Package babel Info: Redefining swedish shorthand "~
(babel)             in language  on input line 263.
Package babel Info: Redefining swedish shorthand "|
(babel)             in language  on input line 263.
Package babel Info: Redefining swedish shorthand "~
(babel)             in language  on input line 263.
 [15 <./filmermeny.png>] <valdfilm.png, id=255, 1093.08376pt x 967.615pt>
File: valdfilm.png Graphic file (type png)

<use valdfilm.png>
Package pdftex.def Info: valdfilm.png used on input line 268.
(pdftex.def)             Requested size: 295.13655pt x 261.25954pt.
Package babel Info: Redefining swedish shorthand "|
(babel)             in language  on input line 273.
Package babel Info: Redefining swedish shorthand "~
(babel)             in language  on input line 273.
Package babel Info: Redefining swedish shorthand "|
(babel)             in language  on input line 273.
Package babel Info: Redefining swedish shorthand "~
(babel)             in language  on input line 273.
 [16 <./valdfilm.png>]
<valddag.png, id=261, 1085.05376pt x 962.59625pt>
File: valddag.png Graphic file (type png)
 <use valddag.png>
Package pdftex.def Info: valddag.png used on input line 278.
(pdftex.def)             Requested size: 292.96843pt x 259.90446pt.
Package babel Info: Redefining swedish shorthand "|
(babel)             in language  on input line 285.
Package babel Info: Redefining swedish shorthand "~
(babel)             in language  on input line 285.
Package babel Info: Redefining swedish shorthand "|
(babel)             in language  on input line 285.
Package babel Info: Redefining swedish shorthand "~
(babel)             in language  on input line 285.
 [17 <./valddag.png>] <valdplats.png, id=267, 759.58781pt x 405.01312pt>
File: valdplats.png Graphic file (type png)

<use valdplats.png>
Package pdftex.def Info: valdplats.png used on input line 292.
(pdftex.def)             Requested size: 205.09145pt x 109.355pt.
Package babel Info: Redefining swedish shorthand "|
(babel)             in language  on input line 296.
Package babel Info: Redefining swedish shorthand "~
(babel)             in language  on input line 296.
Package babel Info: Redefining swedish shorthand "|
(babel)             in language  on input line 296.
Package babel Info: Redefining swedish shorthand "~
(babel)             in language  on input line 296.
 [18 <./valdplats.png>]
Package babel Info: Redefining swedish shorthand "|
(babel)             in language  on input line 297.
Package babel Info: Redefining swedish shorthand "~
(babel)             in language  on input line 297.

<LISTVY.png, id=274, 957.5775pt x 578.16pt>
File: LISTVY.png Graphic file (type png)
 <use LISTVY.png>
Package pdftex.def Info: LISTVY.png used on input line 302.
(pdftex.def)             Requested size: 430.9059pt x 260.16959pt.
Package babel Info: Redefining swedish shorthand "|
(babel)             in language  on input line 311.
Package babel Info: Redefining swedish shorthand "~
(babel)             in language  on input line 311.
Package babel Info: Redefining swedish shorthand "|
(babel)             in language  on input line 311.
Package babel Info: Redefining swedish shorthand "~
(babel)             in language  on input line 311.
 [19 <./LISTVY.png>]
Package babel Info: Redefining swedish shorthand "|
(babel)             in language  on input line 312.
Package babel Info: Redefining swedish shorthand "~
(babel)             in language  on input line 312.
 <shart1.PNG, id=285, 575.90157pt x 574.39594pt>
File: shart1.PNG Graphic file (type png)
 <use shart1.PNG>
Package pdftex.def Info: shart1.PNG used on input line 319.
(pdftex.def)             Requested size: 460.72188pt x 459.51736pt.

Overfull \hbox (7.75398pt too wide) in paragraph at lines 319--320
 [][] 
 []

<shart2.PNG, id=286, 486.31688pt x 617.30624pt>
File: shart2.PNG Graphic file (type png)
 <use shart2.PNG>
Package pdftex.def Info: shart2.PNG used on input line 325.
(pdftex.def)             Requested size: 389.05403pt x 493.84566pt.
Package babel Info: Redefining swedish shorthand "|
(babel)             in language  on input line 328.
Package babel Info: Redefining swedish shorthand "~
(babel)             in language  on input line 328.
Package babel Info: Redefining swedish shorthand "|
(babel)             in language  on input line 328.
Package babel Info: Redefining swedish shorthand "~
(babel)             in language  on input line 328.
 [20 <./shart1.PNG>] <shart3.PNG, id=293, 735.49782pt x 663.22781pt>
File: shart3.PNG Graphic file (type png)
 <use shart3.PNG>
Package pdftex.def Info: shart3.PNG used on input line 331.
(pdftex.def)             Requested size: 588.39906pt x 530.58298pt.

Overfull \hbox (135.43117pt too wide) in paragraph at lines 331--332
 [][] 
 []

Package babel Info: Redefining swedish shorthand "|
(babel)             in language  on input line 334.
Package babel Info: Redefining swedish shorthand "~
(babel)             in language  on input line 334.
Package babel Info: Redefining swedish shorthand "|
(babel)             in language  on input line 334.
Package babel Info: Redefining swedish shorthand "~
(babel)             in language  on input line 334.
[21 <./shart2.PNG>]
Package babel Info: Redefining swedish shorthand "|
(babel)             in language  on input line 336.
Package babel Info: Redefining swedish shorthand "~
(babel)             in language  on input line 336.
Package babel Info: Redefining swedish shorthand "|
(babel)             in language  on input line 336.
Package babel Info: Redefining swedish shorthand "~
(babel)             in language  on input line 336.
 [22 <./shart3.PNG>]
Package babel Info: Redefining swedish shorthand "|
(babel)             in language  on input line 337.
Package babel Info: Redefining swedish shorthand "~
(babel)             in language  on input line 337.

Overfull \hbox (5.55875pt too wide) in paragraph at lines 343--346
[]$\OT1/cmtt/m/n/10.95 http : / / www . scb . se / Statistik / _Publikationer /
 LE0108 _ 2013A01 _ BR _ IT01BR1401 . pdf$[] 
 []


Overfull \hbox (106.11475pt too wide) in paragraph at lines 347--348
[]\OT1/cmr/m/n/10.95 Nielsen Nor-man Group. 2012 []$\OT1/cmtt/m/n/10.95 http : 
/ / www . nngroup . com / articles / thinking-[]aloud-[]the-[]1-[]usability-[]t
ool/$[] 
 []

Package atveryend Info: Empty hook `BeforeClearDocument' on input line 360.
Package babel Info: Redefining swedish shorthand "|
(babel)             in language  on input line 360.
Package babel Info: Redefining swedish shorthand "~
(babel)             in language  on input line 360.
Package babel Info: Redefining swedish shorthand "|
(babel)             in language  on input line 360.
Package babel Info: Redefining swedish shorthand "~
(babel)             in language  on input line 360.
[23]
Package atveryend Info: Empty hook `AfterLastShipout' on input line 360.
 (./Rapport del 2.aux)
Package atveryend Info: Executing hook `AtVeryEndDocument' on input line 360.
Package atveryend Info: Executing hook `AtEndAfterFileList' on input line 360.
Package rerunfilecheck Info: File `"Rapport del 2".out' has not changed.
(rerunfilecheck)             Checksum: 74E7305B14825884D600FD7DEC1CA68B;1688.
Package atveryend Info: Empty hook `AtVeryVeryEnd' on input line 360.
 ) 
Here is how much of TeX's memory you used:
 11088 strings out of 494424
 160100 string characters out of 6165347
 263177 words of memory out of 5000000
 14052 multiletter control sequences out of 15000+600000
 14530 words of font info for 56 fonts, out of 8000000 for 9000
 372 hyphenation exceptions out of 8191
 53i,12n,92p,1155b,471s stack positions out of 5000i,500n,10000p,200000b,80000s
</usr/share/texlive/texmf-dist/fonts/type1/public/amsfonts/cm/cmbx10.pfb></us
r/share/texlive/texmf-dist/fonts/type1/public/amsfonts/cm/cmbx12.pfb></usr/shar
e/texlive/texmf-dist/fonts/type1/public/amsfonts/cm/cmr10.pfb></usr/share/texli
ve/texmf-dist/fonts/type1/public/amsfonts/cm/cmr12.pfb></usr/share/texlive/texm
f-dist/fonts/type1/public/amsfonts/cm/cmr6.pfb></usr/share/texlive/texmf-dist/f
onts/type1/public/amsfonts/cm/cmr8.pfb></usr/share/texlive/texmf-dist/fonts/typ
e1/public/amsfonts/cm/cmr9.pfb></usr/share/texlive/texmf-dist/fonts/type1/publi
c/amsfonts/cm/cmti10.pfb></usr/share/texlive/texmf-dist/fonts/type1/public/amsf
onts/cm/cmtt10.pfb></usr/share/texlive/texmf-dist/fonts/type1/public/amsfonts/c
m/cmtt9.pfb>
Output written on "Rapport del 2.pdf" (23 pages, 8291988 bytes).
PDF statistics:
 375 PDF objects out of 1000 (max. 8388607)
 315 compressed objects within 4 object streams
 81 named destinations out of 1000 (max. 500000)
 287 words of extra memory for PDF output out of 10000 (max. 10000000)

